<?xml version="1.0" encoding="UTF-8"?>
<testng-results ignored="0" total="2" passed="1" failed="1" skipped="0">
  <reporter-output>
    <line>
      <![CDATA[Selected product: ]]>
    </line>
    <line>
      <![CDATA[Clicked Add to Cart for: ]]>
    </line>
    <line>
      <![CDATA[Item in cart: Sauce Labs Backpack]]>
    </line>
  </reporter-output>
  <suite started-at="2025-08-07T16:18:11 IST" name="SauceDemoSuite" finished-at="2025-08-07T16:18:29 IST" duration-ms="17322">
    <groups>
    </groups>
    <test started-at="2025-08-07T16:18:11 IST" name="LoginTests" finished-at="2025-08-07T16:18:29 IST" duration-ms="17322">
      <class name="AddToCart">
        <test-method is-config="true" signature="setup()[pri:0, instance:AddToCart@2e385cce]" started-at="2025-08-07T16:18:21 IST" name="setup" finished-at="2025-08-07T16:18:27 IST" duration-ms="6276" status="PASS">
          <reporter-output>
          </reporter-output>
        </test-method> <!-- setup -->
        <test-method signature="testAddProductToCart()[pri:0, instance:AddToCart@2e385cce]" started-at="2025-08-07T16:18:27 IST" name="testAddProductToCart" finished-at="2025-08-07T16:18:28 IST" duration-ms="581" status="FAIL">
          <exception class="java.lang.AssertionError">
            <message>
              <![CDATA[Cart product mismatch! expected [] but found [Sauce Labs Backpack]]]>
            </message>
            <full-stacktrace>
              <![CDATA[java.lang.AssertionError: Cart product mismatch! expected [] but found [Sauce Labs Backpack]
at org.testng.Assert.fail(Assert.java:111)
at org.testng.Assert.failNotEquals(Assert.java:1578)
at org.testng.Assert.assertEqualsImpl(Assert.java:150)
at org.testng.Assert.assertEquals(Assert.java:132)
at org.testng.Assert.assertEquals(Assert.java:656)
at AddToCart.testAddProductToCart(AddToCart.java:29)
at java.base/jdk.internal.reflect.NativeMethodAccessorImpl.invoke0(Native Method)
at java.base/jdk.internal.reflect.NativeMethodAccessorImpl.invoke(NativeMethodAccessorImpl.java:62)
at java.base/jdk.internal.reflect.DelegatingMethodAccessorImpl.invoke(DelegatingMethodAccessorImpl.java:43)
at java.base/java.lang.reflect.Method.invoke(Method.java:566)
at org.testng.internal.invokers.MethodInvocationHelper.invokeMethod(MethodInvocationHelper.java:139)
at org.testng.internal.invokers.TestInvoker.invokeMethod(TestInvoker.java:664)
at org.testng.internal.invokers.TestInvoker.invokeTestMethod(TestInvoker.java:228)
at org.testng.internal.invokers.MethodRunner.runInSequence(MethodRunner.java:63)
at org.testng.internal.invokers.TestInvoker$MethodInvocationAgent.invoke(TestInvoker.java:961)
at org.testng.internal.invokers.TestInvoker.invokeTestMethods(TestInvoker.java:201)
at org.testng.internal.invokers.TestMethodWorker.invokeTestMethods(TestMethodWorker.java:148)
at org.testng.internal.invokers.TestMethodWorker.run(TestMethodWorker.java:128)
at java.base/java.util.ArrayList.forEach(ArrayList.java:1541)
at org.testng.TestRunner.privateRun(TestRunner.java:819)
at org.testng.TestRunner.run(TestRunner.java:619)
at org.testng.SuiteRunner.runTest(SuiteRunner.java:443)
at org.testng.SuiteRunner.runSequentially(SuiteRunner.java:437)
at org.testng.SuiteRunner.privateRun(SuiteRunner.java:397)
at org.testng.SuiteRunner.run(SuiteRunner.java:336)
at org.testng.SuiteRunnerWorker.runSuite(SuiteRunnerWorker.java:52)
at org.testng.SuiteRunnerWorker.run(SuiteRunnerWorker.java:95)
at org.testng.TestNG.runSuitesSequentially(TestNG.java:1301)
at org.testng.TestNG.runSuitesLocally(TestNG.java:1228)
at org.testng.TestNG.runSuites(TestNG.java:1134)
at org.testng.TestNG.run(TestNG.java:1101)
at org.testng.remote.AbstractRemoteTestNG.run(AbstractRemoteTestNG.java:115)
at org.testng.remote.RemoteTestNG.initAndRun(RemoteTestNG.java:293)
at org.testng.remote.RemoteTestNG.main(RemoteTestNG.java:91)
]]>
            </full-stacktrace>
          </exception> <!-- java.lang.AssertionError -->
          <reporter-output>
            <line>
              <![CDATA[Selected product: ]]>
            </line>
            <line>
              <![CDATA[Clicked Add to Cart for: ]]>
            </line>
            <line>
              <![CDATA[Item in cart: Sauce Labs Backpack]]>
            </line>
          </reporter-output>
        </test-method> <!-- testAddProductToCart -->
        <test-method is-config="true" signature="teardown()[pri:0, instance:AddToCart@2e385cce]" started-at="2025-08-07T16:18:28 IST" name="teardown" finished-at="2025-08-07T16:18:29 IST" duration-ms="932" status="PASS">
          <reporter-output>
          </reporter-output>
        </test-method> <!-- teardown -->
      </class> <!-- AddToCart -->
      <class name="LoginTest">
        <test-method is-config="true" signature="setup()[pri:0, instance:LoginTest@7db12bb6]" started-at="2025-08-07T16:18:11 IST" name="setup" finished-at="2025-08-07T16:18:19 IST" duration-ms="8060" status="PASS">
          <reporter-output>
          </reporter-output>
        </test-method> <!-- setup -->
        <test-method signature="testValidLogin()[pri:0, instance:LoginTest@7db12bb6]" started-at="2025-08-07T16:18:19 IST" name="testValidLogin" finished-at="2025-08-07T16:18:20 IST" duration-ms="306" status="PASS">
          <reporter-output>
          </reporter-output>
        </test-method> <!-- testValidLogin -->
        <test-method is-config="true" signature="teardown()[pri:0, instance:LoginTest@7db12bb6]" started-at="2025-08-07T16:18:20 IST" name="teardown" finished-at="2025-08-07T16:18:21 IST" duration-ms="1046" status="PASS">
          <reporter-output>
          </reporter-output>
        </test-method> <!-- teardown -->
      </class> <!-- LoginTest -->
    </test> <!-- LoginTests -->
  </suite> <!-- SauceDemoSuite -->
</testng-results>
